Arguments: 
  /Users/miujiageng/.nvm/versions/node/v16.5.0/bin/node /usr/local/bin/yarn add webpack webpack-cli html-webpack-plugin webpack-dev-serve -D

PATH: 
  /Users/miujiageng/.nvm/versions/node/v16.5.0/bin:/Users/miujiageng/development/flutter/bin:/usr/local/bin:/usr/bin:/bin:/usr/sbin:/sbin:/Library/Apple/usr/bin:/Users/miujiageng/.nvm/versions/node/v16.5.0/bin:/Users/miujiageng/development/flutter/bin:/Users/miujiageng/development/flutter/bin

Yarn version: 
  1.22.10

Node version: 
  16.5.0

Platform: 
  darwin x64

Trace: 
  Error: http://registry.npm.taobao.org/webpack-dev-serve: Not found
      at Request.params.callback [as _callback] (/usr/local/lib/node_modules/yarn/lib/cli.js:66988:18)
      at Request.self.callback (/usr/local/lib/node_modules/yarn/lib/cli.js:140662:22)
      at Request.emit (node:events:394:28)
      at Request.<anonymous> (/usr/local/lib/node_modules/yarn/lib/cli.js:141634:10)
      at Request.emit (node:events:394:28)
      at IncomingMessage.<anonymous> (/usr/local/lib/node_modules/yarn/lib/cli.js:141556:12)
      at Object.onceWrapper (node:events:513:28)
      at IncomingMessage.emit (node:events:406:35)
      at endReadableNT (node:internal/streams/readable:1331:12)
      at processTicksAndRejections (node:internal/process/task_queues:83:21)

npm manifest: 
  {
    "name": "vue-webpack",
    "version": "1.0.0",
    "description": "",
    "main": "index.js",
    "scripts": {
      "test": "echo \"Error: no test specified\" && exit 1"
    },
    "keywords": [],
    "author": "",
    "license": "ISC"
  }

yarn manifest: 
  No manifest

Lockfile: 
  No lockfile
