Arguments: 
  /Users/miujiageng/.nvm/versions/node/v16.5.0/bin/node /usr/local/bin/yarn add @babel-core

PATH: 
  /Users/miujiageng/.nvm/versions/node/v16.5.0/bin:/Users/miujiageng/development/flutter/bin:/usr/local/bin:/usr/bin:/bin:/usr/sbin:/sbin:/Library/Apple/usr/bin:/Users/miujiageng/.nvm/versions/node/v16.5.0/bin:/Users/miujiageng/development/flutter/bin:/Users/miujiageng/development/flutter/bin

Yarn version: 
  1.22.10

Node version: 
  16.5.0

Platform: 
  darwin x64

Trace: 
  Error: http://registry.npm.taobao.org/@babel-core: Request "http://registry.npm.taobao.org/@babel-core" returned a 405
      at Request.params.callback [as _callback] (/usr/local/lib/node_modules/yarn/lib/cli.js:66997:18)
      at Request.self.callback (/usr/local/lib/node_modules/yarn/lib/cli.js:140662:22)
      at Request.emit (node:events:394:28)
      at Request.<anonymous> (/usr/local/lib/node_modules/yarn/lib/cli.js:141634:10)
      at Request.emit (node:events:394:28)
      at IncomingMessage.<anonymous> (/usr/local/lib/node_modules/yarn/lib/cli.js:141556:12)
      at Object.onceWrapper (node:events:513:28)
      at IncomingMessage.emit (node:events:406:35)
      at endReadableNT (node:internal/streams/readable:1331:12)
      at processTicksAndRejections (node:internal/process/task_queues:83:21)

npm manifest: 
  {
    "name": "mini-webpack",
    "version": "1.0.0",
    "description": "",
    "type": "module",
    "main": "index.js",
    "scripts": {
      "test": "echo \"Error: no test specified\" && exit 1"
    },
    "keywords": [],
    "author": "",
    "license": "ISC",
    "devDependencies": {
      "@babel/parser": "^7.16.8",
      "@babel/traverse": "^7.16.8",
      "ejs": "^3.1.6"
    }
  }

yarn manifest: 
  No manifest

Lockfile: 
  # THIS IS AN AUTOGENERATED FILE. DO NOT EDIT THIS FILE DIRECTLY.
  # yarn lockfile v1
  
  
  "@babel/code-frame@^7.16.7":
    version "7.16.7"
    resolved "https://registry.npmmirror.com/@babel/code-frame/download/@babel/code-frame-7.16.7.tgz#44416b6bd7624b998f5b1af5d470856c40138789"
    integrity sha512-iAXqUn8IIeBTNd72xsFlgaXHkMBMt6y4HJp1tIaK465CWLT/fG1aqB7ykr95gHHmlBdGbFeWWfyB4NJJ0nmeIg==
    dependencies:
      "@babel/highlight" "^7.16.7"
  
  "@babel/generator@^7.16.8":
    version "7.16.8"
    resolved "https://registry.npmmirror.com/@babel/generator/download/@babel/generator-7.16.8.tgz#359d44d966b8cd059d543250ce79596f792f2ebe"
    integrity sha512-1ojZwE9+lOXzcWdWmO6TbUzDfqLD39CmEhN8+2cX9XkDo5yW1OpgfejfliysR2AWLpMamTiOiAp/mtroaymhpw==
    dependencies:
      "@babel/types" "^7.16.8"
      jsesc "^2.5.1"
      source-map "^0.5.0"
  
  "@babel/helper-environment-visitor@^7.16.7":
    version "7.16.7"
    resolved "https://registry.npmmirror.com/@babel/helper-environment-visitor/download/@babel/helper-environment-visitor-7.16.7.tgz#ff484094a839bde9d89cd63cba017d7aae80ecd7"
    integrity sha512-SLLb0AAn6PkUeAfKJCCOl9e1R53pQlGAfc4y4XuMRZfqeMYLE0dM1LMhqbGAlGQY0lfw5/ohoYWAe9V1yibRag==
    dependencies:
      "@babel/types" "^7.16.7"
  
  "@babel/helper-function-name@^7.16.7":
    version "7.16.7"
    resolved "https://registry.npmmirror.com/@babel/helper-function-name/download/@babel/helper-function-name-7.16.7.tgz#f1ec51551fb1c8956bc8dd95f38523b6cf375f8f"
    integrity sha512-QfDfEnIUyyBSR3HtrtGECuZ6DAyCkYFp7GHl75vFtTnn6pjKeK0T1DB5lLkFvBea8MdaiUABx3osbgLyInoejA==
    dependencies:
      "@babel/helper-get-function-arity" "^7.16.7"
      "@babel/template" "^7.16.7"
      "@babel/types" "^7.16.7"
  
  "@babel/helper-get-function-arity@^7.16.7":
    version "7.16.7"
    resolved "https://registry.npmmirror.com/@babel/helper-get-function-arity/download/@babel/helper-get-function-arity-7.16.7.tgz#ea08ac753117a669f1508ba06ebcc49156387419"
    integrity sha512-flc+RLSOBXzNzVhcLu6ujeHUrD6tANAOU5ojrRx/as+tbzf8+stUCj7+IfRRoAbEZqj/ahXEMsjhOhgeZsrnTw==
    dependencies:
      "@babel/types" "^7.16.7"
  
  "@babel/helper-hoist-variables@^7.16.7":
    version "7.16.7"
    resolved "https://registry.npmmirror.com/@babel/helper-hoist-variables/download/@babel/helper-hoist-variables-7.16.7.tgz#86bcb19a77a509c7b77d0e22323ef588fa58c246"
    integrity sha512-m04d/0Op34H5v7pbZw6pSKP7weA6lsMvfiIAMeIvkY/R4xQtBSMFEigu9QTZ2qB/9l22vsxtM8a+Q8CzD255fg==
    dependencies:
      "@babel/types" "^7.16.7"
  
  "@babel/helper-split-export-declaration@^7.16.7":
    version "7.16.7"
    resolved "https://registry.npmmirror.com/@babel/helper-split-export-declaration/download/@babel/helper-split-export-declaration-7.16.7.tgz#0b648c0c42da9d3920d85ad585f2778620b8726b"
    integrity sha512-xbWoy/PFoxSWazIToT9Sif+jJTlrMcndIsaOKvTA6u7QEo7ilkRZpjew18/W3c7nm8fXdUDXh02VXTbZ0pGDNw==
    dependencies:
      "@babel/types" "^7.16.7"
  
  "@babel/helper-validator-identifier@^7.16.7":
    version "7.16.7"
    resolved "https://registry.npmmirror.com/@babel/helper-validator-identifier/download/@babel/helper-validator-identifier-7.16.7.tgz#e8c602438c4a8195751243da9031d1607d247cad"
    integrity sha512-hsEnFemeiW4D08A5gUAZxLBTXpZ39P+a+DGDsHw1yxqyQ/jzFEnxf5uTEGp+3bzAbNOxU1paTgYS4ECU/IgfDw==
  
  "@babel/highlight@^7.16.7":
    version "7.16.7"
    resolved "https://registry.npmmirror.com/@babel/highlight/download/@babel/highlight-7.16.7.tgz#81a01d7d675046f0d96f82450d9d9578bdfd6b0b"
    integrity sha512-aKpPMfLvGO3Q97V0qhw/V2SWNWlwfJknuwAunU7wZLSfrM4xTBvg7E5opUVi1kJTBKihE38CPg4nBiqX83PWYw==
    dependencies:
      "@babel/helper-validator-identifier" "^7.16.7"
      chalk "^2.0.0"
      js-tokens "^4.0.0"
  
  "@babel/parser@^7.16.7", "@babel/parser@^7.16.8":
    version "7.16.8"
    resolved "https://registry.npmmirror.com/@babel/parser/download/@babel/parser-7.16.8.tgz#61c243a3875f7d0b0962b0543a33ece6ff2f1f17"
    integrity sha512-i7jDUfrVBWc+7OKcBzEe5n7fbv3i2fWtxKzzCvOjnzSxMfWMigAhtfJ7qzZNGFNMsCCd67+uz553dYKWXPvCKw==
  
  "@babel/template@^7.16.7":
    version "7.16.7"
    resolved "https://registry.npmmirror.com/@babel/template/download/@babel/template-7.16.7.tgz#8d126c8701fde4d66b264b3eba3d96f07666d155"
    integrity sha512-I8j/x8kHUrbYRTUxXrrMbfCa7jxkE7tZre39x3kjr9hvI82cK1FfqLygotcWN5kdPGWcLdWMHpSBavse5tWw3w==
    dependencies:
      "@babel/code-frame" "^7.16.7"
      "@babel/parser" "^7.16.7"
      "@babel/types" "^7.16.7"
  
  "@babel/traverse@^7.16.8":
    version "7.16.8"
    resolved "https://registry.npmmirror.com/@babel/traverse/download/@babel/traverse-7.16.8.tgz#bab2f2b09a5fe8a8d9cad22cbfe3ba1d126fef9c"
    integrity sha512-xe+H7JlvKsDQwXRsBhSnq1/+9c+LlQcCK3Tn/l5sbx02HYns/cn7ibp9+RV1sIUqu7hKg91NWsgHurO9dowITQ==
    dependencies:
      "@babel/code-frame" "^7.16.7"
      "@babel/generator" "^7.16.8"
      "@babel/helper-environment-visitor" "^7.16.7"
      "@babel/helper-function-name" "^7.16.7"
      "@babel/helper-hoist-variables" "^7.16.7"
      "@babel/helper-split-export-declaration" "^7.16.7"
      "@babel/parser" "^7.16.8"
      "@babel/types" "^7.16.8"
      debug "^4.1.0"
      globals "^11.1.0"
  
  "@babel/types@^7.16.7", "@babel/types@^7.16.8":
    version "7.16.8"
    resolved "https://registry.npmmirror.com/@babel/types/download/@babel/types-7.16.8.tgz#0ba5da91dd71e0a4e7781a30f22770831062e3c1"
    integrity sha512-smN2DQc5s4M7fntyjGtyIPbRJv6wW4rU/94fmYJ7PKQuZkC0qGMHXJbg6sNGt12JmVr4k5YaptI/XtiLJBnmIg==
    dependencies:
      "@babel/helper-validator-identifier" "^7.16.7"
      to-fast-properties "^2.0.0"
  
  ansi-styles@^3.2.1:
    version "3.2.1"
    resolved "https://registry.npmmirror.com/ansi-styles/download/ansi-styles-3.2.1.tgz#41fbb20243e50b12be0f04b8dedbf07520ce841d"
    integrity sha512-VT0ZI6kZRdTh8YyJw3SMbYm/u+NqfsAxEpWO0Pf9sq8/e94WxxOpPKx9FR1FlyCtOVDNOQ+8ntlqFxiRc+r5qA==
    dependencies:
      color-convert "^1.9.0"
  
  async@0.9.x:
    version "0.9.2"
    resolved "https://registry.npmmirror.com/async/download/async-0.9.2.tgz#aea74d5e61c1f899613bf64bda66d4c78f2fd17d"
    integrity sha1-rqdNXmHB+JlhO/ZL2mbUx48v0X0=
  
  balanced-match@^1.0.0:
    version "1.0.2"
    resolved "https://registry.npm.taobao.org/balanced-match/download/balanced-match-1.0.2.tgz?cache=0&sync_timestamp=1617714383053&other_urls=https%3A%2F%2Fregistry.npm.taobao.org%2Fbalanced-match%2Fdownload%2Fbalanced-match-1.0.2.tgz#e83e3a7e3f300b34cb9d87f615fa0cbf357690ee"
    integrity sha1-6D46fj8wCzTLnYf2FfoMvzV2kO4=
  
  brace-expansion@^1.1.7:
    version "1.1.11"
    resolved "https://registry.npm.taobao.org/brace-expansion/download/brace-expansion-1.1.11.tgz?cache=0&sync_timestamp=1614010713935&other_urls=https%3A%2F%2Fregistry.npm.taobao.org%2Fbrace-expansion%2Fdownload%2Fbrace-expansion-1.1.11.tgz#3c7fcbf529d87226f3d2f52b966ff5271eb441dd"
    integrity sha1-PH/L9SnYcibz0vUrlm/1Jx60Qd0=
    dependencies:
      balanced-match "^1.0.0"
      concat-map "0.0.1"
  
  chalk@^2.0.0, chalk@^2.4.2:
    version "2.4.2"
    resolved "https://registry.npmmirror.com/chalk/download/chalk-2.4.2.tgz#cd42541677a54333cf541a49108c1432b44c9424"
    integrity sha1-zUJUFnelQzPPVBpJEIwUMrRMlCQ=
    dependencies:
      ansi-styles "^3.2.1"
      escape-string-regexp "^1.0.5"
      supports-color "^5.3.0"
  
  color-convert@^1.9.0:
    version "1.9.3"
    resolved "https://registry.npmmirror.com/color-convert/download/color-convert-1.9.3.tgz#bb71850690e1f136567de629d2d5471deda4c1e8"
    integrity sha1-u3GFBpDh8TZWfeYp0tVHHe2kweg=
    dependencies:
      color-name "1.1.3"
  
  color-name@1.1.3:
    version "1.1.3"
    resolved "https://registry.npm.taobao.org/color-name/download/color-name-1.1.3.tgz#a7d0558bd89c42f795dd42328f740831ca53bc25"
    integrity sha1-p9BVi9icQveV3UIyj3QIMcpTvCU=
  
  concat-map@0.0.1:
    version "0.0.1"
    resolved "https://registry.npm.taobao.org/concat-map/download/concat-map-0.0.1.tgz#d8a96bd77fd68df7793a73036a3ba0d5405d477b"
    integrity sha1-2Klr13/Wjfd5OnMDajug1UBdR3s=
  
  debug@^4.1.0:
    version "4.3.3"
    resolved "https://registry.npmmirror.com/debug/download/debug-4.3.3.tgz#04266e0b70a98d4462e6e288e38259213332b664"
    integrity sha512-/zxw5+vh1Tfv+4Qn7a5nsbcJKPaSvCDhojn6FEl9vupwK2VCSDtEiEtqr8DFtzYFOdz63LBkxec7DYuc2jon6Q==
    dependencies:
      ms "2.1.2"
  
  ejs@^3.1.6:
    version "3.1.6"
    resolved "https://registry.npmmirror.com/ejs/download/ejs-3.1.6.tgz#5bfd0a0689743bb5268b3550cceeebbc1702822a"
    integrity sha512-9lt9Zse4hPucPkoP7FHDF0LQAlGyF9JVpnClFLFH3aSSbxmyoqINRpp/9wePWJTUl4KOQwRL72Iw3InHPDkoGw==
    dependencies:
      jake "^10.6.1"
  
  escape-string-regexp@^1.0.5:
    version "1.0.5"
    resolved "https://registry.npm.taobao.org/escape-string-regexp/download/escape-string-regexp-1.0.5.tgz#1b61c0562190a8dff6ae3bb2cf0200ca130b86d4"
    integrity sha1-G2HAViGQqN/2rjuyzwIAyhMLhtQ=
  
  filelist@^1.0.1:
    version "1.0.2"
    resolved "https://registry.nlark.com/filelist/download/filelist-1.0.2.tgz#80202f21462d4d1c2e214119b1807c1bc0380e5b"
    integrity sha1-gCAvIUYtTRwuIUEZsYB8G8A4Dls=
    dependencies:
      minimatch "^3.0.4"
  
  globals@^11.1.0:
    version "11.12.0"
    resolved "https://registry.npmmirror.com/globals/download/globals-11.12.0.tgz?cache=0&sync_timestamp=1635390798667&other_urls=https%3A%2F%2Fregistry.npmmirror.com%2Fglobals%2Fdownload%2Fglobals-11.12.0.tgz#ab8795338868a0babd8525758018c2a7eb95c42e"
    integrity sha1-q4eVM4hooLq9hSV1gBjCp+uVxC4=
  
  has-flag@^3.0.0:
    version "3.0.0"
    resolved "https://registry.nlark.com/has-flag/download/has-flag-3.0.0.tgz#b5d454dc2199ae225699f3467e5a07f3b955bafd"
    integrity sha1-tdRU3CGZriJWmfNGfloH87lVuv0=
  
  jake@^10.6.1:
    version "10.8.2"
    resolved "https://registry.nlark.com/jake/download/jake-10.8.2.tgz#ebc9de8558160a66d82d0eadc6a2e58fbc500a7b"
    integrity sha1-68nehVgWCmbYLQ6txqLlj7xQCns=
    dependencies:
      async "0.9.x"
      chalk "^2.4.2"
      filelist "^1.0.1"
      minimatch "^3.0.4"
  
  js-tokens@^4.0.0:
    version "4.0.0"
    resolved "https://registry.nlark.com/js-tokens/download/js-tokens-4.0.0.tgz?cache=0&sync_timestamp=1619345098261&other_urls=https%3A%2F%2Fregistry.nlark.com%2Fjs-tokens%2Fdownload%2Fjs-tokens-4.0.0.tgz#19203fb59991df98e3a287050d4647cdeaf32499"
    integrity sha1-GSA/tZmR35jjoocFDUZHzerzJJk=
  
  jsesc@^2.5.1:
    version "2.5.2"
    resolved "https://registry.npm.taobao.org/jsesc/download/jsesc-2.5.2.tgz?cache=0&sync_timestamp=1603891175833&other_urls=https%3A%2F%2Fregistry.npm.taobao.org%2Fjsesc%2Fdownload%2Fjsesc-2.5.2.tgz#80564d2e483dacf6e8ef209650a67df3f0c283a4"
    integrity sha1-gFZNLkg9rPbo7yCWUKZ98/DCg6Q=
  
  minimatch@^3.0.4:
    version "3.0.4"
    resolved "https://registry.npm.taobao.org/minimatch/download/minimatch-3.0.4.tgz?cache=0&sync_timestamp=1597044082534&other_urls=https%3A%2F%2Fregistry.npm.taobao.org%2Fminimatch%2Fdownload%2Fminimatch-3.0.4.tgz#5166e286457f03306064be5497e8dbb0c3d32083"
    integrity sha1-UWbihkV/AzBgZL5Ul+jbsMPTIIM=
    dependencies:
      brace-expansion "^1.1.7"
  
  ms@2.1.2:
    version "2.1.2"
    resolved "https://registry.npmmirror.com/ms/download/ms-2.1.2.tgz#d09d1f357b443f493382a8eb3ccd183872ae6009"
    integrity sha1-0J0fNXtEP0kzgqjrPM0YOHKuYAk=
  
  source-map@^0.5.0:
    version "0.5.7"
    resolved "https://registry.nlark.com/source-map/download/source-map-0.5.7.tgz#8a039d2d1021d22d1ea14c80d8ea468ba2ef3fcc"
    integrity sha1-igOdLRAh0i0eoUyA2OpGi6LvP8w=
  
  supports-color@^5.3.0:
    version "5.5.0"
    resolved "https://registry.npmmirror.com/supports-color/download/supports-color-5.5.0.tgz#e2e69a44ac8772f78a1ec0b35b689df6530efc8f"
    integrity sha1-4uaaRKyHcveKHsCzW2id9lMO/I8=
    dependencies:
      has-flag "^3.0.0"
  
  to-fast-properties@^2.0.0:
    version "2.0.0"
    resolved "https://registry.nlark.com/to-fast-properties/download/to-fast-properties-2.0.0.tgz?cache=0&sync_timestamp=1628418925592&other_urls=https%3A%2F%2Fregistry.nlark.com%2Fto-fast-properties%2Fdownload%2Fto-fast-properties-2.0.0.tgz#dc5e698cbd079265bc73e0377681a4e4e83f616e"
    integrity sha1-3F5pjL0HkmW8c+A3doGk5Og/YW4=
